<?xml version='1.0' encoding='UTF-8' ?>
<testsuite name="com.example.surgeontodo.tests.TodoListSettingsTest" tests="4" failures="0" errors="0" skipped="0" time="51.795" timestamp="2025-02-13T16:05:28" hostname="localhost">
  <properties>
    <property name="device" value="Pixel_4_API_27(AVD) - 8.1.0" />
    <property name="flavor" value="" />
    <property name="project" value=":app" />
  </properties>
  <testcase name="testVerifySortingDynamically" classname="com.example.surgeontodo.tests.TodoListSettingsTest" time="19.239" />
  <testcase name="addAndDeleteTasks" classname="com.touchsurgery.thesurgeonstodolist.TodoListDeleteTest" time="13.802" />
  <testcase name="testAddTasksWithPriorities" classname="com.touchsurgery.thesurgeonstodolist.TodoListPriorityTest" time="7.185" />
  <testcase name="addNewTask" classname="com.touchsurgery.thesurgeonstodolist.TodoListTest" time="9.371" />
</testsuite>